[0.007s] Invoking command in '/home/tarun/my_bot/build/my_bot': CMAKE_PREFIX_PATH=${CMAKE_PREFIX_PATH}:/opt/ros/jazzy DEBUGINFOD_URLS=https://debuginfod.ubuntu.com /usr/bin/cmake /home/tarun/my_bot/src/bot -DAMENT_CMAKE_SYMLINK_INSTALL=1 -DCMAKE_INSTALL_PREFIX=/home/tarun/my_bot/install/my_bot
[0.044s] -- The C compiler identification is GNU 13.3.0
[0.090s] -- The CXX compiler identification is GNU 13.3.0
[0.100s] -- Detecting C compiler ABI info
[0.179s] -- Detecting C compiler ABI info - done
[0.186s] -- Check for working C compiler: /usr/bin/cc - skipped
[0.186s] -- Detecting C compile features
[0.186s] -- Detecting C compile features - done
[0.192s] -- Detecting CXX compiler ABI info
[0.278s] -- Detecting CXX compiler ABI info - done
[0.285s] -- Check for working CXX compiler: /usr/bin/c++ - skipped
[0.285s] -- Detecting CXX compile features
[0.285s] -- Detecting CXX compile features - done
[0.287s] -- Found ament_cmake: 2.5.4 (/opt/ros/jazzy/share/ament_cmake/cmake)
[0.378s] -- Found Python3: /usr/bin/python3 (found version "3.12.3") found components: Interpreter 
[0.427s] -- Override CMake install command with custom implementation using symlinks instead of copying resources
[0.442s] -- Found ament_lint_auto: 0.17.3 (/opt/ros/jazzy/share/ament_lint_auto/cmake)
[0.513s] -- Added test 'copyright' to check source files copyright and LICENSE
[0.514s] -- Added test 'flake8' to check Python code syntax and style conventions
[0.514s] -- Configured 'flake8' exclude dirs and/or files: 
[0.514s] -- Added test 'lint_cmake' to check CMake code style
[0.515s] -- Added test 'pep257' to check Python code against some of the docstring style conventions in PEP 257
[0.515s] -- Added test 'xmllint' to check XML markup files
[0.516s] -- Configuring done (0.5s)
[0.518s] -- Generating done (0.0s)
[0.519s] -- Build files have been written to: /home/tarun/my_bot/build/my_bot
[0.522s] Invoked command in '/home/tarun/my_bot/build/my_bot' returned '0': CMAKE_PREFIX_PATH=${CMAKE_PREFIX_PATH}:/opt/ros/jazzy DEBUGINFOD_URLS=https://debuginfod.ubuntu.com /usr/bin/cmake /home/tarun/my_bot/src/bot -DAMENT_CMAKE_SYMLINK_INSTALL=1 -DCMAKE_INSTALL_PREFIX=/home/tarun/my_bot/install/my_bot
[0.523s] Invoking command in '/home/tarun/my_bot/build/my_bot': CMAKE_PREFIX_PATH=${CMAKE_PREFIX_PATH}:/opt/ros/jazzy DEBUGINFOD_URLS=https://debuginfod.ubuntu.com /usr/bin/cmake --build /home/tarun/my_bot/build/my_bot -- -j12 -l12
[0.550s] Invoked command in '/home/tarun/my_bot/build/my_bot' returned '0': CMAKE_PREFIX_PATH=${CMAKE_PREFIX_PATH}:/opt/ros/jazzy DEBUGINFOD_URLS=https://debuginfod.ubuntu.com /usr/bin/cmake --build /home/tarun/my_bot/build/my_bot -- -j12 -l12
[0.562s] Invoking command in '/home/tarun/my_bot/build/my_bot': CMAKE_PREFIX_PATH=${CMAKE_PREFIX_PATH}:/opt/ros/jazzy DEBUGINFOD_URLS=https://debuginfod.ubuntu.com /usr/bin/cmake --install /home/tarun/my_bot/build/my_bot
[0.572s] -- Install configuration: ""
[0.572s] -- Execute custom install script
[0.573s] -- Symlinking: /home/tarun/my_bot/install/my_bot/share/my_bot/config/diff_drive.yaml
[0.584s] -- Symlinking: /home/tarun/my_bot/install/my_bot/share/my_bot/description/my_bot.urdf.xacro
[0.591s] -- Symlinking: /home/tarun/my_bot/install/my_bot/share/my_bot/launch/bringup.launch.py
[0.596s] -- Symlinking: /home/tarun/my_bot/install/my_bot/share/my_bot/worlds/empty.world
[0.603s] -- Symlinking: /home/tarun/my_bot/install/my_bot/share/ament_index/resource_index/package_run_dependencies/my_bot
[0.609s] -- Symlinking: /home/tarun/my_bot/install/my_bot/share/ament_index/resource_index/parent_prefix_path/my_bot
[0.614s] -- Symlinking: /home/tarun/my_bot/install/my_bot/share/my_bot/environment/ament_prefix_path.sh
[0.620s] -- Symlinking: /home/tarun/my_bot/install/my_bot/share/my_bot/environment/ament_prefix_path.dsv
[0.630s] -- Symlinking: /home/tarun/my_bot/install/my_bot/share/my_bot/environment/path.sh
[0.641s] -- Symlinking: /home/tarun/my_bot/install/my_bot/share/my_bot/environment/path.dsv
[0.648s] -- Symlinking: /home/tarun/my_bot/install/my_bot/share/my_bot/local_setup.bash
[0.662s] -- Symlinking: /home/tarun/my_bot/install/my_bot/share/my_bot/local_setup.sh
[0.672s] -- Symlinking: /home/tarun/my_bot/install/my_bot/share/my_bot/local_setup.zsh
[0.677s] -- Symlinking: /home/tarun/my_bot/install/my_bot/share/my_bot/local_setup.dsv
[0.682s] -- Symlinking: /home/tarun/my_bot/install/my_bot/share/my_bot/package.dsv
[0.687s] -- Symlinking: /home/tarun/my_bot/install/my_bot/share/ament_index/resource_index/packages/my_bot
[0.692s] -- Symlinking: /home/tarun/my_bot/install/my_bot/share/my_bot/cmake/my_botConfig.cmake
[0.699s] -- Symlinking: /home/tarun/my_bot/install/my_bot/share/my_bot/cmake/my_botConfig-version.cmake
[0.710s] -- Symlinking: /home/tarun/my_bot/install/my_bot/share/my_bot/package.xml
[0.719s] Invoked command in '/home/tarun/my_bot/build/my_bot' returned '0': CMAKE_PREFIX_PATH=${CMAKE_PREFIX_PATH}:/opt/ros/jazzy DEBUGINFOD_URLS=https://debuginfod.ubuntu.com /usr/bin/cmake --install /home/tarun/my_bot/build/my_bot
